<?xml version="1.0" encoding="UTF-8"?>
<testng-results skipped="0" failed="0" total="1" passed="1">
  <reporter-output>
  </reporter-output>
  <suite name="Suite" duration-ms="50587" started-at="2020-02-24T05:42:53Z" finished-at="2020-02-24T05:43:43Z">
    <groups>
    </groups>
    <test name="Test" duration-ms="50587" started-at="2020-02-24T05:42:53Z" finished-at="2020-02-24T05:43:43Z">
      <class name="com.launchBrowser.Test1">
        <test-method status="PASS" signature="openApp()[pri:0, instance:com.launchBrowser.Test1@18be83e4]" name="openApp" duration-ms="50558" started-at="2020-02-24T11:12:53Z" finished-at="2020-02-24T11:13:43Z">
          <reporter-output>
          </reporter-output>
        </test-method> <!-- openApp -->
      </class> <!-- com.launchBrowser.Test1 -->
    </test> <!-- Test -->
  </suite> <!-- Suite -->
</testng-results>
